{"message":"database connection created","level":"info","timestamp":"2020-02-08T18:33:49.172Z"}
{"message":"Server running at 5000","level":"info","timestamp":"2020-02-08T18:33:49.172Z"}
{"message":"database connection created","level":"info","timestamp":"2020-02-08T18:34:11.390Z"}
{"message":"Server running at 5000","level":"info","timestamp":"2020-02-08T18:34:11.390Z"}
{"message":"database connection created","level":"info","timestamp":"2020-02-08T18:34:16.362Z"}
{"message":"Server running at 5000","level":"info","timestamp":"2020-02-08T18:34:16.362Z"}
{"message":"database connection created","level":"info","timestamp":"2020-02-08T18:35:14.427Z"}
{"message":"Server running at 5000","level":"info","timestamp":"2020-02-08T18:35:14.427Z"}
{"message":"database connection created","level":"info","timestamp":"2020-02-08T18:35:40.376Z"}
{"message":"Server running at 5000","level":"info","timestamp":"2020-02-08T18:35:40.376Z"}
{"message":"database connection created","level":"info","timestamp":"2020-02-08T18:49:30.695Z"}
{"message":"Server running at 5000","level":"info","timestamp":"2020-02-08T18:49:30.695Z"}
{"message":"database connection created","level":"info","timestamp":"2020-02-08T18:49:33.719Z"}
{"message":"Server running at 5000","level":"info","timestamp":"2020-02-08T18:49:33.719Z"}
{"message":"database connection created","level":"info","timestamp":"2020-02-08T18:50:18.064Z"}
{"message":"Server running at 5000","level":"info","timestamp":"2020-02-08T18:50:18.064Z"}
{"message":"database connection created","level":"info","timestamp":"2020-02-08T18:51:05.772Z"}
{"message":"Server running at 5000","level":"info","timestamp":"2020-02-08T18:51:05.772Z"}
{"message":"database connection created","level":"info","timestamp":"2020-02-08T18:54:58.691Z"}
{"message":"Server running at 5000","level":"info","timestamp":"2020-02-08T18:54:58.691Z"}
{"message":"database connection created","level":"info","timestamp":"2020-02-08T18:55:27.602Z"}
{"message":"Server running at 5000","level":"info","timestamp":"2020-02-08T18:55:27.602Z"}
{"message":"database connection created","level":"info","timestamp":"2020-02-08T18:55:57.389Z"}
{"message":"Server running at 5000","level":"info","timestamp":"2020-02-08T18:55:57.389Z"}
{"message":"database connection created","level":"info","timestamp":"2020-02-08T18:56:12.931Z"}
{"message":"Server running at 5000","level":"info","timestamp":"2020-02-08T18:56:12.931Z"}
{"message":"database connection created","level":"info","timestamp":"2020-02-08T18:56:21.809Z"}
{"message":"Server running at 5000","level":"info","timestamp":"2020-02-08T18:56:21.809Z"}
{"message":"database connection created","level":"info","timestamp":"2020-02-08T18:57:03.765Z"}
{"message":"Server running at 5000","level":"info","timestamp":"2020-02-08T18:57:03.765Z"}
{"message":"database connection created","level":"info","timestamp":"2020-02-08T18:59:51.362Z"}
{"message":"Server running at 5000","level":"info","timestamp":"2020-02-08T18:59:51.362Z"}
{"message":"database connection created","level":"info","timestamp":"2020-02-08T19:00:10.276Z"}
{"message":"Server running at 5000","level":"info","timestamp":"2020-02-08T19:00:10.276Z"}
{"message":"database connection created","level":"info","timestamp":"2020-02-08T19:00:14.732Z"}
{"message":"Server running at 5000","level":"info","timestamp":"2020-02-08T19:00:14.732Z"}
{"message":"database connection created","level":"info","timestamp":"2020-02-08T19:03:45.389Z"}
{"message":"Server running at 5000","level":"info","timestamp":"2020-02-08T19:03:45.389Z"}
{"message":"database connection created","level":"info","timestamp":"2020-02-08T19:04:02.105Z"}
{"message":"Server running at 5000","level":"info","timestamp":"2020-02-08T19:04:02.105Z"}
{"message":"database connection created","level":"info","timestamp":"2020-02-08T19:04:44.426Z"}
{"message":"Server running at 5000","level":"info","timestamp":"2020-02-08T19:04:44.426Z"}
{"message":"database connection created","level":"info","timestamp":"2020-02-08T19:06:55.292Z"}
{"message":"Server running at 5000","level":"info","timestamp":"2020-02-08T19:06:55.292Z"}
{"message":"database connection created","level":"info","timestamp":"2020-02-08T19:07:01.681Z"}
{"message":"Server running at 5000","level":"info","timestamp":"2020-02-08T19:07:01.681Z"}
{"message":"database connection created","level":"info","timestamp":"2020-02-08T19:07:19.558Z"}
{"message":"Server running at 5000","level":"info","timestamp":"2020-02-08T19:07:19.558Z"}
{"message":"database connection created","level":"info","timestamp":"2020-02-08T19:08:20.208Z"}
{"message":"Server running at 5000","level":"info","timestamp":"2020-02-08T19:08:20.208Z"}
{"message":"database connection created","level":"info","timestamp":"2020-02-08T19:09:23.080Z"}
{"message":"Server running at 5000","level":"info","timestamp":"2020-02-08T19:09:23.080Z"}
{"message":"database connection created","level":"info","timestamp":"2020-02-08T19:11:37.387Z"}
{"message":"Server running at 5000","level":"info","timestamp":"2020-02-08T19:11:37.387Z"}
{"message":"database connection created","level":"info","timestamp":"2020-02-08T19:11:54.244Z"}
{"message":"Server running at 5000","level":"info","timestamp":"2020-02-08T19:11:54.244Z"}
{"message":"database connection created","level":"info","timestamp":"2020-02-08T19:12:22.967Z"}
{"message":"Server running at 5000","level":"info","timestamp":"2020-02-08T19:12:22.967Z"}
{"message":"database connection created","level":"info","timestamp":"2020-02-08T19:12:28.584Z"}
{"message":"Server running at 5000","level":"info","timestamp":"2020-02-08T19:12:28.584Z"}
{"message":"database connection created","level":"info","timestamp":"2020-02-08T19:21:17.351Z"}
{"message":"Server running at 5000","level":"info","timestamp":"2020-02-08T19:21:17.351Z"}
{"message":"database connection created","level":"info","timestamp":"2020-02-08T19:22:05.733Z"}
{"message":"Server running at 5000","level":"info","timestamp":"2020-02-08T19:22:05.733Z"}
{"message":"database connection created","level":"info","timestamp":"2020-02-08T19:29:33.715Z"}
{"message":"Server running at 5000","level":"info","timestamp":"2020-02-08T19:29:33.715Z"}
{"message":"database connection created","level":"info","timestamp":"2020-02-08T19:29:38.594Z"}
{"message":"Server running at 5000","level":"info","timestamp":"2020-02-08T19:29:38.594Z"}
{"message":"Database connection failed with error Error: connect ECONNREFUSED 127.0.0.1:3306","level":"info","timestamp":"2020-02-15T12:36:45.020Z"}
{"message":"Database connection failed with error Error: connect ECONNREFUSED 127.0.0.1:3306","level":"info","timestamp":"2020-02-15T12:47:53.639Z"}
{"message":"Database connection failed with error Error: тип Unable to compile TypeScript\nsrc/migration/1549202832774-CreateAdminUser.ts (2,22): Cannot find module '../entity/User'. (2307)","level":"info","timestamp":"2020-02-15T12:49:35.992Z"}
{"message":"Database connection failed with error Error: тип Unable to compile TypeScript\nsrc/migration/1549202832774-CreateAdminUser.ts (2,22): Cannot find module '../entity/User'. (2307)","level":"info","timestamp":"2020-02-15T12:49:57.876Z"}
{"message":"Database connection failed with error Error: тип Unable to compile TypeScript\nsrc/migration/1549202832774-CreateAdminUser.ts (2,22): Cannot find module '../entity/User'. (2307)","level":"info","timestamp":"2020-02-15T12:50:39.071Z"}
{"message":"Database connection failed with error Error: ER_ACCESS_DENIED_ERROR: Access denied for user 'test'@'localhost' (using password: YES)","level":"info","timestamp":"2020-02-15T14:55:56.357Z"}
{"message":"Database connection failed with error Error: ER_ACCESS_DENIED_ERROR: Access denied for user 'test'@'localhost' (using password: YES)","level":"info","timestamp":"2020-02-15T14:56:12.647Z"}
{"message":"Database connection failed with error Error: ER_ACCESS_DENIED_ERROR: Access denied for user 'test'@'localhost' (using password: YES)","level":"info","timestamp":"2020-02-15T15:02:28.734Z"}
{"message":"Database connection failed with error Error: ER_ACCESS_DENIED_ERROR: Access denied for user 'test'@'localhost' (using password: YES)","level":"info","timestamp":"2020-02-15T15:02:40.699Z"}
{"message":"Database connection failed with error Error: ER_BAD_DB_ERROR: Unknown database 'expressDB'","level":"info","timestamp":"2020-02-16T18:18:26.987Z"}
{"message":"Database connection failed with error Error: тип Unable to compile TypeScript\nsrc/migration/1581877430155-CreateAdminUser.ts (6,24): Cannot find name 'UserEntity'. (2304)\nsrc/migration/1581877430155-CreateAdminUser.ts (11,32): Cannot find name 'getRepository'. Did you mean 'userRepository'? (2552)\nsrc/migration/1581877430155-CreateAdminUser.ts (11,46): Cannot find name 'UserEntity'. (2304)","level":"info","timestamp":"2020-02-16T18:25:35.493Z"}
